Step: step-credential-initializer-l72xz:

{"level":"warn","ts":1565716459.197488,"logger":"fallback-logger","caller":"logging/config.go:69","msg":"Fetch GitHub commit ID from kodata failed: \"ref: refs/heads/master\" is not a valid GitHub commit ID"}
{"level":"info","ts":1565716459.1978433,"logger":"fallback-logger","caller":"creds-init/main.go:40","msg":"Credentials initialized."}
Step: step-working-dir-initializer-hsf2s:

{"level":"warn","ts":1565716461.418809,"logger":"fallback-logger","caller":"logging/config.go:69","msg":"Fetch GitHub commit ID from kodata failed: open /var/run/ko/HEAD: no such file or directory"}
{"level":"info","ts":1565716461.4202347,"logger":"fallback-logger","caller":"bash/main.go:65","msg":"Successfully executed command \"mkdir -p /workspace/source /workspace/source/env\""}
Step: step-place-tools:

Step: step-git-source-******-environment-jx-rocks-sta-26dzm:

{"level":"warn","ts":1565716467.36725,"logger":"fallback-logger","caller":"logging/config.go:69","msg":"Fetch GitHub commit ID from kodata failed: \"ref: refs/heads/master\" is not a valid GitHub commit ID"}
{"level":"info","ts":1565716467.5944781,"logger":"fallback-logger","caller":"git/git.go:102","msg":"Successfully cloned https://github.com/******/environment-jx-rocks-staging.git @ v0.0.1 in path /workspace/source"}
Step: step-git-merge:

WARNING: no SHAs to merge, falling back to initial cloned commit
Step: step-setup-jx-git-credentials:

Generated Git credentials file /builder/home/git/credentials
Step: step-build-helm-apply:

Modified file /workspace/source/env/Chart.yaml to set the chart to version 1
Copying the helm source directory /workspace/source/env to a temporary location for building and applying /tmp/jx-helm-apply-677361329/env
Applying helm chart at /tmp/jx-helm-apply-677361329/env as release name jx to namespace *****-staging
WARNING: failed to create system vault in namespace ***** due to could not find the system vault name in namespace "*****"
verifying the helm requirements versions in dir: . using version stream URL:  and git ref: 
Deleting and cloning the Jenkins X versions repo
Cloning the Jenkins X versions repo https://github.com/jenkins-x/jenkins-x-versions.git with ref refs/heads/master to /builder/home/.jx/jenkins-x-versions
Ignoring templates/.gitignore
Wrote chart values.yaml /tmp/jx-helm-apply-677361329/env/values.yaml generated from directory tree
generated helm /tmp/jx-helm-apply-677361329/env/values.yaml

PipelineSecrets: {}
cleanup:
  Annotations:
    helm.sh/hook: pre-delete
    helm.sh/hook-delete-policy: hook-succeeded
  Args:
  - --cleanup
controllerbuild:
  enabled: true
controllerworkflow:
  enabled: false
dockerRegistry: 693213048138.dkr.ecr.us-east-1.amazonaws.com
expose:
  Annotations:
    helm.sh/hook: post-install,post-upgrade
    helm.sh/hook-delete-policy: hook-succeeded
  Args:
  - --v
  - 4
  config:
    domain: 3.226.208.199.nip.io
    exposer: Ingress
    http: "true"
jenkins:
  Servers:
    Global:
      EnvVars:
        TILLER_NAMESPACE: kube-system
  enabled: false
prow: {}

Using values files: /tmp/jx-helm-apply-677361329/env/values.yaml
WARNING: No $CHART_REPOSITORY defined so using the default value of: http://jenkins-x-chartmuseum:8080
Adding missing Helm repo: storage.googleapis.com https://storage.googleapis.com/chartmuseum.jenkins-x.io
Successfully added Helm repository storage.googleapis.com.
Adding missing Helm repo: jenkins-x-chartmuseum http://jenkins-x-chartmuseum:8080
Successfully added Helm repository jenkins-x-chartmuseum.
WARNING: No $CHART_REPOSITORY defined so using the default value of: http://jenkins-x-chartmuseum:8080
Adding missing Helm repo: chartmuseum.jenkins-x.io http://chartmuseum.jenkins-x.io
Successfully added Helm repository chartmuseum.jenkins-x.io.
Applying Apps chart overrides
Applying chart overrides


